<?xml version="1.0" encoding="UTF-8"?>
<testsuite xmlns:xsi="http://www.w3.org/2001/XMLSchema-instance" xsi:noNamespaceSchemaLocation="https://maven.apache.org/surefire/maven-surefire-plugin/xsd/surefire-test-report-3.0.xsd" version="3.0" name="com.example.app.OaApplicationTests" time="2.756" tests="1" errors="0" skipped="0" failures="0">
  <properties>
[...]
</properties>
  <testcase name="contextLoads" classname="com.example.app.OaApplicationTests" time="0.717">
    <system-out><![CDATA[14:38:57.803 [main] INFO org.springframework.test.context.support.AnnotationConfigContextLoaderUtils -- Could not detect default configuration classes for test class [com.example.app.OaApplicationTests]: OaApplicationTests does not declare any static, non-private, non-final, nested classes annotated with @Configuration.
14:38:57.887 [main] INFO org.springframework.boot.test.context.SpringBootTestContextBootstrapper -- Found @SpringBootConfiguration com.example.app.Application for test class com.example.app.OaApplicationTests

  .   ____          _            __ _ _
 /\\ / ___'_ __ _ _(_)_ __  __ _ \ \ \ \
( ( )\___ | '_ | '_| | '_ \/ _` | \ \ \ \
 \\/  ___)| |_)| | | | | || (_| |  ) ) ) )
  '  |____| .__|_| |_|_| |_\__, | / / / /
 =========|_|==============|___/=/_/_/_/

 :: Spring Boot ::                (v3.3.4)

2024-12-17 14:38:58 - Starting OaApplicationTests using Java 17.0.11 with PID 26552 (started by 14608 in F:\桌面\项目\创投楼宇\java)
2024-12-17 14:38:58 - The following 1 profile is active: "prod"
2024-12-17 14:38:59 - Started OaApplicationTests in 1.706 seconds (process running for 2.558)
]]></system-out>
  </testcase>
</testsuite>